\BOOKMARK [0][-]{chapter*.2}{\376\377\000R\000\351\000s\000u\000m\000\351}{}% 1
\BOOKMARK [0][-]{chapter*.3}{\376\377\000R\000e\000m\000e\000r\000c\000i\000e\000m\000e\000n\000t\000s}{}% 2
\BOOKMARK [0][-]{chapter*.5}{\376\377\000T\000a\000b\000l\000e\000\040\000d\000e\000s\000\040\000f\000i\000g\000u\000r\000e\000s}{}% 3
\BOOKMARK [0][-]{chapter*.6}{\376\377\000L\000i\000s\000t\000e\000\040\000d\000e\000s\000\040\000t\000a\000b\000l\000e\000a\000u\000x}{}% 4
\BOOKMARK [0][-]{section*.7}{\376\377\000L\000i\000s\000t\000e\000\040\000d\000e\000s\000\040\000a\000b\000b\000r\000\351\000v\000i\000a\000t\000i\000o\000n\000s}{}% 5
\BOOKMARK [0][-]{section*.9}{\376\377\000S\000y\000m\000b\000o\000l\000e\000s}{}% 6
\BOOKMARK [0][-]{chapter.11}{\376\377\000I\000n\000t\000r\000o\000d\000u\000c\000t\000i\000o\000n}{}% 7
\BOOKMARK [1][-]{section.13}{\376\377\000I\000n\000t\000r\000o\000d\000u\000c\000t\000i\000o\000n}{chapter.11}% 8
\BOOKMARK [0][-]{chapter.23}{\376\377\000R\000e\000v\000u\000e\000\040\000d\000e\000\040\000L\000i\000t\000t\000\351\000r\000a\000t\000u\000r\000e}{}% 9
\BOOKMARK [1][-]{section.25}{\376\377\000G\000\351\000n\000\351\000r\000a\000l\000i\000t\000\351\000\040\000s\000u\000\040\000l\000a\000\040\000c\000h\000\351\000n\000i\000l\000l\000e\000\040\000l\000\351\000g\000i\000o\000n\000n\000a\000i\000r\000e\000\040\000d\000'\000a\000u\000t\000o\000m\000n\000e}{chapter.23}% 10
\BOOKMARK [1][-]{section.37}{\376\377\000M\000o\000d\000\351\000l\000i\000s\000a\000t\000i\000o\000n\000\040\000s\000u\000r\000\040\000l\000e\000s\000\040\000d\000e\000s\000\040\000i\000n\000s\000e\000c\000t\000e\000s\000,\000\040\000p\000l\000a\000n\000t\000e\000s\000\040\000e\000t\000\040\000l\000e\000u\000r\000s\000\040\000i\000n\000t\000e\000r\000a\000c\000t\000i\000o\000n\000s}{chapter.23}% 11
\BOOKMARK [1][-]{section.60}{\376\377\000M\000\351\000t\000h\000o\000d\000e\000s\000\040\000d\000e\000\040\000r\000\351\000s\000o\000l\000u\000t\000i\000o\000n\000\040\000n\000u\000m\000\351\000r\000i\000q\000u\000e\000\040\000d\000e\000s\000\040\000\351\000q\000u\000a\000t\000i\000o\000n\000s\000\040\000d\000i\000f\000f\000\351\000r\000e\000n\000t\000i\000e\000l\000l\000e\000s}{chapter.23}% 12
\BOOKMARK [0][-]{chapter.231}{\376\377\000M\000\351\000t\000h\000o\000d\000o\000l\000o\000g\000i\000e}{}% 13
\BOOKMARK [1][-]{section.233}{\376\377\000M\000a\000t\000\351\000r\000i\000e\000l}{chapter.231}% 14
\BOOKMARK [1][-]{section.235}{\376\377\000M\000\351\000t\000h\000o\000d\000e\000s}{chapter.231}% 15
\BOOKMARK [0][-]{chapter.302}{\376\377\000R\000\351\000s\000u\000l\000t\000a\000t\000s\000\040\000e\000t\000\040\000d\000i\000s\000c\000u\000s\000s\000i\000o\000n\000s}{}% 16
\BOOKMARK [1][-]{section.303}{\376\377\000M\000o\000d\000\350\000l\000e\000\040\000d\000e\000\040\000D\000a\000u\000d\000i\0002\0000\0002\0001}{chapter.302}% 17
\BOOKMARK [1][-]{section.314}{\376\377\000M\000o\000d\000\350\000l\000e\000\040\000d\000e\000\040\000D\000a\000u\000d\000i\0002\0000\0002\0001\000\040\000m\000o\000d\000i\000f\000i\000\351}{chapter.302}% 18
\BOOKMARK [1][-]{section.320}{\376\377\000M\000o\000d\000\350\000l\000e\000\040\000d\000e\000\040\000D\000a\000u\000d\000i\0002\0000\0002\0001\000\040\000m\000o\000d\000i\000f\000i\000\351\000\040\000a\000v\000e\000c\000\040\000r\000e\000t\000a\000r\000d}{chapter.302}% 19
\BOOKMARK [1][-]{section.325}{\376\377\000D\000y\000n\000a\000m\000i\000q\000u\000e\000\040\000d\000e\000s\000\040\000d\000e\000u\000x\000\040\000p\000o\000p\000u\000l\000a\000t\000i\000o\000n\000\040\000e\000n\000\040\000f\000o\000n\000c\000t\000i\000o\000n\000\040\000d\000e\000\040\000R\0000}{chapter.302}% 20
\BOOKMARK [1][-]{section.331}{\376\377\000M\000o\000d\000i\000f\000i\000c\000a\000t\000i\000o\000n\000\040\000e\000n\000v\000i\000s\000a\000g\000\351\000e}{chapter.302}% 21
\BOOKMARK [0][-]{chapter.337}{\376\377\000C\000o\000n\000c\000l\000u\000s\000i\000o\000n}{}% 22
\BOOKMARK [0][-]{appendix.338}{\376\377\000A\000p\000p\000e\000n\000d\000i\000c\000e\000s}{}% 23
\BOOKMARK [1][-]{section.340}{\376\377\000C\000o\000d\000e\000s\000\040\000M\000A\000T\000L\000A\000B}{appendix.338}% 24
